2023-03-09 13:35:08,222Started execution. Fetching data now ...
2023-03-09 13:35:08,239Data fetched. Applying pre-processing now ...
2023-03-09 13:35:08,258Pre-processing is completed. Loading trained model now ...
2023-03-09 13:35:08,594Trained model is loaded. Executing trained model on inference data ...
2023-03-09 13:35:08,634Execution is complete.
2023-03-09 13:35:17,983Started execution. Fetching data now ...
2023-03-09 13:35:17,999Data fetched. Applying pre-processing now ...
2023-03-09 13:35:18,017Pre-processing is completed. Loading trained model now ...
2023-03-09 13:35:18,127Trained model is loaded. Executing trained model on inference data ...
2023-03-09 13:35:18,138Execution is complete.
2023-03-09 13:38:26,215Started execution. Fetching data now ...
2023-03-09 13:38:26,228Data fetched. Applying pre-processing now ...
2023-03-09 13:38:26,251Pre-processing is completed. Loading trained model now ...
2023-03-09 13:38:26,357Trained model is loaded. Executing trained model on inference data ...
2023-03-09 13:38:26,366Execution is complete.
2023-03-09 13:38:33,849Started execution. Fetching data now ...
2023-03-09 13:38:33,865Data fetched. Applying pre-processing now ...
2023-03-09 13:38:33,886Pre-processing is completed. Loading trained model now ...
2023-03-09 13:38:34,206Trained model is loaded. Executing trained model on inference data ...
2023-03-09 13:38:34,244Execution is complete.
2023-03-09 14:04:03,169Started execution. Fetching data now ...
2023-03-09 14:04:03,189Data fetched. Applying pre-processing now ...
2023-03-09 14:04:03,210Pre-processing is completed. Loading trained model now ...
2023-03-09 14:04:03,577Trained model is loaded. Executing trained model on inference data ...
2023-03-09 14:04:03,688Execution is complete.
